
> type
> tsc -noEmit

docs/vite.config.mts(4,16): error TS2352: Conversion of type '{ plugins: Plugin<any>[]; optimizeDeps: { include: string[]; }; assetsInclude: string[]; server: { https: boolean; fs: { allow: string[]; }; }; }' to type 'UserConfig' may be a mistake because neither type sufficiently overlaps with the other. If this was intentional, convert the expression to 'unknown' first.
  The types of 'server.https' are incompatible between these types.
    Type 'boolean' is not comparable to type 'ServerOptions'.
modules/Artifact/blob/routes.ts(2,10): error TS2305: Module '"../service.ts"' has no exported member 'ArtifactService'.
modules/Artifact/blob/service.ts(1,10): error TS2305: Module '"../service.ts"' has no exported member 'ArtifactService'.
modules/Artifact/blob/service.ts(28,32): error TS2504: Type 'ReadableStream<Uint8Array>' must have a '[Symbol.asyncIterator]()' method that returns an async iterator.
modules/AtlasRenderer/mod.ts(4,1): error TS2308: Module './renderer.ts' has already exported a member named 'render'. Consider explicitly re-exporting to resolve the ambiguity.
modules/AtlasRenderer/renderer.ts(58,33): error TS2345: Argument of type '(type: ElementType) => Renderer2<Node> | Renderer2<null> | null' is not assignable to parameter of type '(element: ElementType) => Renderer2<Node> | null'.
  Type 'Renderer2<Node> | Renderer2<null> | null' is not assignable to type 'Renderer2<Node> | null'.
    Type 'Renderer2<null>' is not assignable to type 'Renderer2<Node>'.
      Type 'null' is not assignable to type 'Node'.
modules/AtlasRenderer/renderer.ts(64,16): error TS2352: Conversion of type 'Renderer2<Object3D<Object3DEventMap>>' to type 'Renderer2<null>' may be a mistake because neither type sufficiently overlaps with the other. If this was intentional, convert the expression to 'unknown' first.
  Type 'Object3D<Object3DEventMap>' is not comparable to type 'null'.
modules/Authentication/docs.ts(20,3): error TS2305: Module '"../Data/SesameDataService/mod.ts"' has no exported member 'UnauthenticatedSesameDataService'.
modules/Authentication/docs.ts(48,7): error TS2739: Type '{ id: string; value: string; }' is missing the following properties from type '{ userId: string; salt: string; id: string; value: string; }': userId, salt
modules/Clerk/docs.ts(118,5): error TS2739: Type '{ gameId: string; artifact: Service; }' is missing the following properties from type 'GameController': userId, stage, carpentry
modules/Clerk/service.ts(11,4): error TS2355: A function whose declared type is neither 'undefined', 'void', nor 'any' must return a value.
modules/Clerk/ui/wizard/assetPreviews/GLTFPreview.ts(51,18): error TS2339: Property 'type' does not exist on type '{ change: Vector2; }'.
modules/ComponentDoc/FramePresenter.ts(101,3): error TS2339: Property 'style' does not exist on type '{ children: ElementNode; }'.
modules/ComponentDoc/FramePresenter.ts(102,3): error TS2339: Property 'height' does not exist on type '{ children: ElementNode; }'.
modules/ComponentDoc/FramePresenter.ts(105,15): error TS2554: Expected 1 arguments, but got 0.
modules/ComponentDoc/FramePresenter.ts(111,7): error TS2304: Cannot find name 'LayoutDemo'.
modules/ComponentDoc/FramePresenter.ts(129,9): error TS2304: Cannot find name 'EditorForm'.
modules/ComponentDoc/FramePresenter.ts(130,11): error TS2304: Cannot find name 'EditorHorizontalSection'.
modules/ComponentDoc/FramePresenter.ts(131,13): error TS2304: Cannot find name 'EditorButton'.
modules/ComponentDoc/FramePresenter.ts(135,13): error TS2304: Cannot find name 'EditorRangeInput'.
modules/ComponentDoc/FramePresenter.ts(141,29): error TS7006: Parameter 'scale' implicitly has an 'any' type.
modules/Data/ChannelCommon/splitter.ts(84,25): error TS2345: Argument of type 'keyof T extends string ? { key: string & keyof T; value: T[string & keyof T]["Incoming"]; } : never' is not assignable to parameter of type '[keyof T] extends [string] ? { key: string & keyof T; value: T[string & keyof T]["Outgoing"]; } : never'.
  Type '{ key: string & keyof T; value: T[string & keyof T]["Incoming"]; }' is not assignable to type '[keyof T] extends [string] ? { key: string & keyof T; value: T[string & keyof T]["Outgoing"]; } : never'.
modules/Data/NetworkCommon/docs.ts(220,23): error TS18046: 'error' is of type 'unknown'.
modules/Data/NetworkCommon/http/JSONTransaction.ts(79,56): error TS2322: Type 'Uint8Array | null' is not assignable to type 'ReadableStream<Uint8Array> | null'.
modules/Data/NetworkCommon/http/JSONTransaction.ts(82,52): error TS2345: Argument of type 'ReadableStream<Uint8Array>' is not assignable to parameter of type 'Uint8Array'.
  Type 'ReadableStream<Uint8Array>' is missing the following properties from type 'Uint8Array': BYTES_PER_ELEMENT, buffer, byteLength, byteOffset, and 27 more.
modules/Data/NetworkCommon/http/client.ts(12,11): error TS2322: Type '({ url, headers, method, body }: HTTPRequest) => Promise<{ headers: { [k: string]: string; }; status: number; body: Uint8Array | null; }>' is not assignable to type '(request: HTTPRequest) => Promise<HTTPResponse>'.
  Type 'Promise<{ headers: { [k: string]: string; }; status: number; body: Uint8Array | null; }>' is not assignable to type 'Promise<HTTPResponse>'.
    Type '{ headers: { [k: string]: string; }; status: number; body: Uint8Array | null; }' is not assignable to type 'HTTPResponse'.
      Types of property 'body' are incompatible.
        Type 'Uint8Array | null' is not assignable to type 'ReadableStream<Uint8Array> | null'.
          Type 'Uint8Array' is missing the following properties from type 'ReadableStream<Uint8Array>': locked, cancel, getReader, pipeThrough, and 2 more.
modules/Data/NetworkCommon/http/client.ts(17,54): error TS2339: Property 'entries' does not exist on type 'Headers'.
modules/Data/NetworkCommon/http/docs.ts(51,51): error TS2339: Property 'properties' does not exist on type '{ type: "object"; properties: { [x: string]: any; }; } | { type: "union"; cases: { readonly [key: string]: any; }; }'.
  Property 'properties' does not exist on type '{ type: "union"; cases: { readonly [key: string]: any; }; }'.
modules/Data/NetworkCommon/http/docs.ts(56,18): error TS18046: 'value' is of type 'unknown'.
modules/Data/NetworkCommon/http/server.ts(68,12): error TS2304: Cannot find name 'InternetService'.
modules/Data/NetworkCommon/http/server.ts(73,29): error TS2339: Property 'HTTPConnection' does not exist on type 'Meta'.
modules/Data/NetworkCommon/http/server.ts(74,30): error TS2339: Property 'WSConnection' does not exist on type 'Meta'.
modules/Data/NetworkCommon/http/server.ts(82,5): error TS2322: Type '(connection: any) => { commonRequest: { path: any; }; channel: any; }' is not assignable to type '(nativeRequest: any) => { commonRequest: WSRequest; channel: UniformChannel<Uint8Array>; }'.
  Call signature return types '{ commonRequest: { path: any; }; channel: any; }' and '{ commonRequest: WSRequest; channel: UniformChannel<Uint8Array>; }' are incompatible.
    The types of 'commonRequest' are incompatible between these types.
      Property 'headers' is missing in type '{ path: any; }' but required in type 'WSRequest'.
modules/Data/NetworkCommon/http/server.ts(91,53): error TS7006: Parameter 'transaction' implicitly has an 'any' type.
modules/Data/NetworkCommon/resource/stream.ts(7,29): error TS2504: Type 'ReadableStream<Uint8Array>' must have a '[Symbol.asyncIterator]()' method that returns an async iterator.
modules/Data/NetworkCommon/resource/stream.ts(29,29): error TS2504: Type 'ReadableStream<Uint8Array>' must have a '[Symbol.asyncIterator]()' method that returns an async iterator.
modules/Data/NetworkCommon/service.ts(204,22): error TS2345: Argument of type 'Timeout' is not assignable to parameter of type 'number'.
modules/Data/NetworkCommon/service.ts(207,17): error TS2345: Argument of type 'Timeout' is not assignable to parameter of type 'number'.
modules/Data/SesameDataService/apps.ts(20,16): error TS2694: Namespace '"/home/lukekaalim/Projects/atlas/wildspace-deno/modules/SesameModels/mod"' has no exported member 'SesameRole'.
modules/Data/SesameDataService/apps.ts(27,18): error TS2339: Property 'nanoid' does not exist on type '(size?: number | undefined) => string'.
modules/Data/SesameDataService/apps.ts(35,9): error TS2322: Type '({ id }: { id: string; }, { name }: { name: string; }) => Promise<void>' is not assignable to type '(identify: { id: string; }, update: { name: string; }) => Promise<{ id: string; name: string; owner: string; type: "first-party" | "third-party"; }>'.
  Type 'Promise<void>' is not assignable to type 'Promise<{ id: string; name: string; owner: string; type: "first-party" | "third-party"; }>'.
    Type 'void' is not assignable to type '{ id: string; name: string; owner: string; type: "first-party" | "third-party"; }'.
modules/Data/SesameDataService/apps.ts(51,9): error TS2322: Type '({ id }: { id: string; }) => Promise<void>' is not assignable to type '(identify: { id: string; }) => Promise<{ id: string; name: string; owner: string; type: "first-party" | "third-party"; }>'.
  Type 'Promise<void>' is not assignable to type 'Promise<{ id: string; name: string; owner: string; type: "first-party" | "third-party"; }>'.
modules/Data/SesameDataService/identity.ts(6,21): error TS2694: Namespace '"/home/lukekaalim/Projects/atlas/wildspace-deno/modules/SesameModels/mod"' has no exported member 'SesameRole'.
modules/Data/SesameDataService/identity.ts(9,21): error TS2694: Namespace '"/home/lukekaalim/Projects/atlas/wildspace-deno/modules/SesameModels/mod"' has no exported member 'SesameRole'.
modules/Data/SesameDataService/service.ts(18,16): error TS2694: Namespace '"/home/lukekaalim/Projects/atlas/wildspace-deno/modules/SesameModels/mod"' has no exported member 'SesameRole'.
modules/Data/SesameDataService/user.ts(21,16): error TS2694: Namespace '"/home/lukekaalim/Projects/atlas/wildspace-deno/modules/SesameModels/mod"' has no exported member 'SesameRole'.
modules/Data/SesameDataService/user.ts(25,11): error TS2739: Type '{ id: any; value: string; }' is missing the following properties from type '{ userId: string; salt: string; id: string; value: string; }': userId, salt
modules/Data/SesameDataService/user.ts(26,18): error TS2339: Property 'nanoid' does not exist on type '(size?: number | undefined) => string'.
modules/Data/SesameDataService/user.ts(31,18): error TS2339: Property 'nanoid' does not exist on type '(size?: number | undefined) => string'.
modules/Data/SesameDataService/user.ts(40,9): error TS2322: Type '({ id }: { id: string; }, { name }: { name: string; }) => Promise<void>' is not assignable to type '(identify: { id: string; }, update: { name: string; }) => Promise<{ readonly id: string; readonly name: string; readonly passwordSecretId: string; }>'.
  Type 'Promise<void>' is not assignable to type 'Promise<{ readonly id: string; readonly name: string; readonly passwordSecretId: string; }>'.
    Type 'void' is not assignable to type '{ readonly id: string; readonly name: string; readonly passwordSecretId: string; }'.
modules/Data/SesameDataService/user.ts(53,9): error TS2322: Type '({ id }: { id: string; }) => Promise<void>' is not assignable to type '(identify: { id: string; }) => Promise<{ readonly id: string; readonly name: string; readonly passwordSecretId: string; }>'.
  Type 'Promise<void>' is not assignable to type 'Promise<{ readonly id: string; readonly name: string; readonly passwordSecretId: string; }>'.
modules/Data/StorageCommon/blob/type.ts(22,32): error TS2504: Type 'ReadableStream<Uint8Array>' must have a '[Symbol.asyncIterator]()' method that returns an async iterator.
modules/DepsCommon/docs.ts(43,35): error TS7053: Element implicitly has an 'any' type because expression of type 'string' can't be used to index type '{ 'fast-hash-code': string; rxjs: string; 'lodash-es': string; 'base64-arraybuffer': string; immutable: string; color: string; nanoid: string; seedrandom: string; }'.
  No index signature with a parameter of type 'string' was found on type '{ 'fast-hash-code': string; rxjs: string; 'lodash-es': string; 'base64-arraybuffer': string; immutable: string; color: string; nanoid: string; seedrandom: string; }'.
modules/Deskplane/GridSVG.ts(1,10): error TS2305: Module '"@lukekaalim/act"' has no exported member 'createId'.
modules/Deskplane/ResizeRect.ts(97,19): error TS2339: Property 'type' does not exist on type '{ change: Vector2; }'.
modules/Deskplane/docs/DraggableSurface2Doc.ts(27,23): error TS2339: Property 'type' does not exist on type '{ change: Vector2; }'.
modules/DoorJourney/docs.ts(31,25): error TS7031: Binding element 'node' implicitly has an 'any' type.
modules/DoorJourney/docs.ts(39,50): error TS18049: 'node.attributes' is possibly 'null' or 'undefined'.
modules/DryErase/channel.ts(2,10): error TS2305: Module '"./deps.ts"' has no exported member '_'.
modules/DryErase/channel.ts(122,18): error TS2345: Argument of type '{ type: "set-cursor"; cursor: { id: string; ownerId: string; whiteboardId: string; position: { x: number; y: number; }; }; } | { type: "delete-cursor"; cursorId: string; } | { type: "init"; init: { cursors: readonly { ...; }[]; strokes: readonly { ...; }[]; stickers: readonly { ...; }[]; assetList: readonly { ...; }...' is not assignable to parameter of type '{ type: "stroke-create"; stroke: { id: string; layerId: string; whiteboardId: string; brush: { color: string; mode: "add" | "erase"; }; points: readonly { x: number; y: number; }[]; }; } | { type: "stroke-update"; stroke: { ...; }; } | ... 17 more ... | { ...; }'.
  Type '{ type: "set-cursor"; cursor: { id: string; ownerId: string; whiteboardId: string; position: { x: number; y: number; }; }; }' is not assignable to type '{ type: "stroke-create"; stroke: { id: string; layerId: string; whiteboardId: string; brush: { color: string; mode: "add" | "erase"; }; points: readonly { x: number; y: number; }[]; }; } | { type: "stroke-update"; stroke: { ...; }; } | ... 17 more ... | { ...; }'.
    Type '{ type: "set-cursor"; cursor: { id: string; ownerId: string; whiteboardId: string; position: { x: number; y: number; }; }; }' is not assignable to type '{ type: "pointer-spawn"; cursor: { id: string; ownerId: string; whiteboardId: string; position: { x: number; y: number; }; }; }'.
      Types of property 'type' are incompatible.
        Type '"set-cursor"' is not assignable to type '"pointer-spawn"'.
modules/DryErase/channel.ts(153,33): error TS2353: Object literal may only specify known properties, and 'position' does not exist in type '{ x: number; y: number; }'.
modules/DryErase/channel.ts(159,54): error TS2322: Type '{ x: number; y: number; } | { position: { x: number; y: number; }; width: number; }' is not assignable to type '{ x: number; y: number; }'.
  Object literal may only specify known properties, and 'position' does not exist in type '{ x: number; y: number; }'.
modules/DryErase/channel.ts(159,54): error TS2353: Object literal may only specify known properties, and 'position' does not exist in type '{ x: number; y: number; }'.
modules/DryErase/channel.ts(183,34): error TS2322: Type '{ position: { x: number; y: number; }; width: number; }[]' is not assignable to type 'readonly { x: number; y: number; }[]'.
  Object literal may only specify known properties, and 'position' does not exist in type '{ x: number; y: number; }'.
modules/DryErase/channel.ts(189,11): error TS2353: Object literal may only specify known properties, and 'content' does not exist in type '{ ownerId: string | null; whiteboardId: string | null; position: { x: number; y: number; } | null; size: { x: number; y: number; } | null; }'.
modules/DryErase/channel.ts(195,11): error TS2322: Type '"note-create"' is not assignable to type '"init" | "update-object" | "select-object" | "create-object" | "set-cursor" | "delete-cursor" | "update-assets"'.
modules/DryErase/channel.ts(206,11): error TS2353: Object literal may only specify known properties, and 'content' does not exist in type '{ ownerId: string | null; whiteboardId: string | null; position: { x: number; y: number; } | null; size: { x: number; y: number; } | null; }'.
modules/DryErase/channel.ts(212,11): error TS2322: Type '"note-move"' is not assignable to type '"init" | "update-object" | "select-object" | "create-object" | "set-cursor" | "delete-cursor" | "update-assets"'.
modules/DryErase/channel.ts(225,11): error TS2353: Object literal may only specify known properties, and 'content' does not exist in type '{ ownerId: string | null; whiteboardId: string | null; position: { x: number; y: number; } | null; size: { x: number; y: number; } | null; }'.
modules/DryErase/channel.ts(231,11): error TS2322: Type '"note-content-update"' is not assignable to type '"init" | "update-object" | "select-object" | "create-object" | "set-cursor" | "delete-cursor" | "update-assets"'.
modules/DryErase/channel.ts(244,11): error TS2353: Object literal may only specify known properties, and 'assetId' does not exist in type '{ type: "create"; whiteboardId: string; layerId: string | null; position: { x: number; y: number; }; } | { type: "content"; content: { type: "null"; } | { type: "asset"; assetId: string; ownerId: string; } | { ...; }; } | { ...; }'.
modules/DryErase/channel.ts(249,22): error TS2345: Argument of type '{ type: "sticker-submit"; position: { x: number; y: number; }; size: { x: number; y: number; }; rotation: number; }' is not assignable to parameter of type '{ type: "set-cursor"; cursor: { id: string; ownerId: string; whiteboardId: string; position: { x: number; y: number; }; }; } | { type: "delete-cursor"; cursorId: string; } | { type: "init"; init: { cursors: readonly { ...; }[]; strokes: readonly { ...; }[]; stickers: readonly { ...; }[]; assetList: readonly { ...; }...'.
  Property 'target' is missing in type '{ type: "sticker-submit"; position: { x: number; y: number; }; size: { x: number; y: number; }; rotation: number; }' but required in type '{ type: "select-object"; target: { type: "null"; } | { type: "note"; noteId: string; } | { type: "sticker"; stickerId: string; } | { type: "stroke"; strokeId: string; }; }'.
modules/DryErase/channel.ts(259,5): error TS2322: Type '(message: Protocol["message"]["client"]) => void' is not assignable to type '(message: { type: "move-object"; position: { x: number; y: number; }; size: { x: number; y: number; }; rotation: number; } | { type: "update-object"; update: { type: "set-asset-id"; assetId: ModeledType; } | { ...; }; } | ... 4 more ... | { ...; }) => unknown'.
  Types of parameters 'message' and 'message' are incompatible.
    Type '{ type: "move-object"; position: { x: number; y: number; }; size: { x: number; y: number; }; rotation: number; } | { type: "update-object"; update: { type: "set-asset-id"; assetId: ModeledType; } | { ...; }; } | ... 4 more ... | { ...; }' is not assignable to type '{ type: "note-submit"; position: { x: number; y: number; }; size: { x: number; y: number; }; } | { type: "note-create"; note: { id: string; ownerId: string; whiteboardId: string; position: { x: number; y: number; }; size: { ...; }; }; } | ... 11 more ... | { ...; }'.
      Type '{ type: "update-object"; update: { type: "set-asset-id"; assetId: ModeledType; } | { type: "set-content"; content: ModeledType; }; }' is not assignable to type '{ type: "note-submit"; position: { x: number; y: number; }; size: { x: number; y: number; }; } | { type: "note-create"; note: { id: string; ownerId: string; whiteboardId: string; position: { x: number; y: number; }; size: { ...; }; }; } | ... 11 more ... | { ...; }'.
        Type '{ type: "update-object"; update: { type: "set-asset-id"; assetId: ModeledType; } | { type: "set-content"; content: ModeledType; }; }' is missing the following properties from type '{ type: "move-object"; position: { x: number; y: number; }; size: { x: number; y: number; }; }': position, size
modules/DryErase/channel.ts(260,5): error TS2322: Type 'ReplaySubject<{ type: "stroke-create"; stroke: { id: string; layerId: string; whiteboardId: string; brush: { color: string; mode: "add" | "erase"; }; points: readonly { x: number; y: number; }[]; }; } | { type: "stroke-update"; stroke: { ...; }; } | ... 17 more ... | { ...; }>' is not assignable to type 'Observable<{ type: "move-cursor"; position: { x: number; y: number; }; cursorId: string; } | { type: "update-object"; target: { type: "null"; } | { type: "note"; noteId: string; } | { type: "sticker"; stickerId: string; } | { ...; }; update: { ...; } | ... 2 more ... | { ...; }; } | { ...; } | { ...; } | { ...; }>'.
  Types of property 'operator' are incompatible.
    Type 'Operator<any, { type: "stroke-create"; stroke: { id: string; layerId: string; whiteboardId: string; brush: { color: string; mode: "add" | "erase"; }; points: readonly { x: number; y: number; }[]; }; } | { type: "stroke-update"; stroke: { ...; }; } | ... 17 more ... | { ...; }> | undefined' is not assignable to type 'Operator<any, { type: "move-cursor"; position: { x: number; y: number; }; cursorId: string; } | { type: "update-object"; target: { type: "null"; } | { type: "note"; noteId: string; } | { type: "sticker"; stickerId: string; } | { ...; }; update: { ...; } | ... 2 more ... | { ...; }; } | { ...; } | { ...; } | { ...; }...'.
      Type 'Operator<any, { type: "stroke-create"; stroke: { id: string; layerId: string; whiteboardId: string; brush: { color: string; mode: "add" | "erase"; }; points: readonly { x: number; y: number; }[]; }; } | { type: "stroke-update"; stroke: { ...; }; } | ... 17 more ... | { ...; }>' is not assignable to type 'Operator<any, { type: "move-cursor"; position: { x: number; y: number; }; cursorId: string; } | { type: "update-object"; target: { type: "null"; } | { type: "note"; noteId: string; } | { type: "sticker"; stickerId: string; } | { ...; }; update: { ...; } | ... 2 more ... | { ...; }; } | { ...; } | { ...; } | { ...; }>'.
        Type '{ type: "stroke-create"; stroke: { id: string; layerId: string; whiteboardId: string; brush: { color: string; mode: "add" | "erase"; }; points: readonly { x: number; y: number; }[]; }; } | { type: "stroke-update"; stroke: { ...; }; } | ... 17 more ... | { ...; }' is not assignable to type '{ type: "move-cursor"; position: { x: number; y: number; }; cursorId: string; } | { type: "update-object"; target: { type: "null"; } | { type: "note"; noteId: string; } | { type: "sticker"; stickerId: string; } | { ...; }; update: { ...; } | ... 2 more ... | { ...; }; } | { ...; } | { ...; } | { ...; }'.
          Type '{ type: "stroke-create"; stroke: { id: string; layerId: string; whiteboardId: string; brush: { color: string; mode: "add" | "erase"; }; points: readonly { x: number; y: number; }[]; }; }' is not assignable to type '{ type: "move-cursor"; position: { x: number; y: number; }; cursorId: string; } | { type: "update-object"; target: { type: "null"; } | { type: "note"; noteId: string; } | { type: "sticker"; stickerId: string; } | { ...; }; update: { ...; } | ... 2 more ... | { ...; }; } | { ...; } | { ...; } | { ...; }'.
            Property 'assetList' is missing in type '{ type: "stroke-create"; stroke: { id: string; layerId: string; whiteboardId: string; brush: { color: string; mode: "add" | "erase"; }; points: readonly { x: number; y: number; }[]; }; }' but required in type '{ type: "set-asset-list"; assetList: readonly { assetId: string; downloadURL: string; }[]; }'.
modules/DryErase/channel/channel2.ts(115,49): error TS2339: Property 'url' does not exist on type 'Service'.
modules/DryErase/components.ts(3,10): error TS2724: '"./components/useWhiteboardState.ts"' has no exported member named 'useWhiteboardState'. Did you mean 'useWhiteboardLocalState'?
modules/DryErase/components.ts(27,9): error TS2322: Type '"pointer-move"' is not assignable to type '"update-object" | "move-cursor" | "select-object" | "create-object"'.
modules/DryErase/components.ts(33,22): error TS2322: Type '"stroke-start"' is not assignable to type '"update-object" | "move-cursor" | "select-object" | "create-object"'.
modules/DryErase/components.ts(37,22): error TS2322: Type '"stroke-end"' is not assignable to type '"update-object" | "move-cursor" | "select-object" | "create-object"'.
modules/DryErase/components.ts(50,17): error TS7006: Parameter 'c' implicitly has an 'any' type.
modules/DryErase/components.ts(59,17): error TS7006: Parameter 's' implicitly has an 'any' type.
modules/DryErase/components.ts(62,28): error TS7006: Parameter 'p' implicitly has an 'any' type.
modules/DryErase/components/StickerDisplay.ts(10,23): error TS2694: Namespace '"/home/lukekaalim/Projects/atlas/wildspace-deno/modules/Artifact/mod"' has no exported member 'ArtifactClient'.
modules/DryErase/components/StickerDisplay.ts(150,23): error TS2694: Namespace '"/home/lukekaalim/Projects/atlas/wildspace-deno/modules/Artifact/mod"' has no exported member 'ArtifactClient'.
modules/DryErase/components/StickerDisplay.ts(174,23): error TS2694: Namespace '"/home/lukekaalim/Projects/atlas/wildspace-deno/modules/Artifact/mod"' has no exported member 'ArtifactClient'.
modules/DryErase/components/StickerDisplay.ts(236,22): error TS2694: Namespace '"/home/lukekaalim/Projects/atlas/wildspace-deno/modules/Artifact/mod"' has no exported member 'ArtifactClient'.
modules/DryErase/components/StickerDisplay.ts(250,37): error TS2345: Argument of type '{}' is not assignable to parameter of type 'Blob | MediaSource'.
modules/DryErase/components/WhiteboardEditor.ts(13,22): error TS2694: Namespace '"/home/lukekaalim/Projects/atlas/wildspace-deno/modules/Artifact/mod"' has no exported member 'ArtifactClient'.
modules/DryErase/docs.ts(21,38): error TS2551: Property 'createMemoryService' does not exist on type 'typeof import("/home/lukekaalim/Projects/atlas/wildspace-deno/modules/Artifact/mod")'. Did you mean 'createRemoteService'?
modules/DryErase/docs.ts(95,24): error TS2339: Property 'createServiceClient' does not exist on type 'typeof import("/home/lukekaalim/Projects/atlas/wildspace-deno/modules/Artifact/mod")'.
modules/DryErase/protocol.ts(10,3): error TS2724: '"./models.ts"' has no exported member named 'whiteboardStrokePointDefinition'. Did you mean 'whiteboardStrokeDefinition'?
modules/DryErase/protocol.ts(53,40): error TS2339: Property 'content' does not exist on type '{ id: { readonly type: "string"; }; ownerId: { readonly type: "string"; }; whiteboardId: { readonly type: "string"; }; position: { type: "object"; properties: { x: { readonly type: "number"; }; y: { readonly type: "number"; }; }; }; size: { ...; }; }'.
modules/DryErase/protocol.ts(204,43): error TS2339: Property 'assetId' does not exist on type '{ id: { readonly type: "string"; }; whiteboardId: { readonly type: "string"; }; layerId: { readonly type: "string"; }; content: { readonly type: "union2"; readonly cases: ({ type: "object"; properties: { type: { ...; }; }; } | { ...; } | { ...; })[]; }; size: { ...; }; position: { ...; }; rotation: { ...; }; }'.
modules/DryErase/protocol.ts(208,40): error TS2339: Property 'content' does not exist on type '{ id: { readonly type: "string"; }; ownerId: { readonly type: "string"; }; whiteboardId: { readonly type: "string"; }; position: { type: "object"; properties: { x: { readonly type: "number"; }; y: { readonly type: "number"; }; }; }; size: { ...; }; }'.
modules/DryErase/service.ts(215,26): error TS2551: Property 'createMemoryService' does not exist on type 'typeof import("/home/lukekaalim/Projects/atlas/wildspace-deno/modules/Artifact/mod")'. Did you mean 'createRemoteService'?
modules/DryErase/service.ts(260,46): error TS2339: Property 'assets' does not exist on type 'Service'.
modules/DryErase/service/note.ts(2,10): error TS2305: Module '"../service.ts"' has no exported member 'WhiteboardBackendServiceDependencies'.
modules/DryErase/service/note.ts(2,65): error TS2305: Module '"../service.ts"' has no exported member 'systems'.
modules/DryErase/service/note.ts(5,60): error TS2339: Property 'noteSystem' does not exist on type 'WhiteboardTypes'.
modules/EffectsCommon/EffectsResourceProvider.ts(69,3): error TS2741: Property 'object' is missing in type '{ geometry: Map<string, threeCommon.three.BufferGeometry<any>>; material: Map<any, any>; texture: Map<string, threeCommon.three.Texture>; }' but required in type 'ResourceSet'.
modules/EffectsCommon/docs.ts(141,9): error TS2353: Object literal may only specify known properties, and 'tile' does not exist in type 'GlitchMeshProps'.
modules/EffectsCommon/docs.ts(174,21): error TS7006: Parameter 'e' implicitly has an 'any' type.
modules/Formula/ModelFormula.ts(33,10): error TS2678: Type '"dynamic"' is not comparable to type '"string" | "number" | "boolean" | "object" | "meta" | "literal" | "never" | "null" | "enum" | "nullable" | "any" | "union" | "union2" | "array"'.
modules/Formula/ModelFormula.ts(34,32): error TS2339: Property 'getModel' does not exist on type 'never'.
modules/Presentation/docs.ts(126,11): error TS2322: Type '{ gameId: string; artifact: artifact.Service; }' is not assignable to type 'GameController'.
modules/Presentation/docs.ts(148,9): error TS2739: Type '{ gameId: string; artifact: Service; }' is missing the following properties from type 'GameController': userId, stage, carpentry
modules/Presentation/docs.ts(154,9): error TS2322: Type '{ gameId: string; artifact: artifact.Service; }' is not assignable to type 'GameController'.
modules/Relativity/ParticleField.ts(11,32): error TS2339: Property 'useDisposable' does not exist on type 'typeof import("/home/lukekaalim/Projects/atlas/wildspace-deno/modules/ThreeCommon/deps")'.
modules/Relativity/ParticleField.ts(14,32): error TS2339: Property 'useDisposable' does not exist on type 'typeof import("/home/lukekaalim/Projects/atlas/wildspace-deno/modules/ThreeCommon/deps")'.
modules/Relativity/materials/mod.ts(3,15): error TS2307: Cannot find module './particleShader.ts' or its corresponding type declarations.
modules/Wizard/asset/ModelWizard.ts(64,18): error TS2339: Property 'type' does not exist on type '{ change: Vector2; }'.
modules/vite-plugin-resolve/deno.ts(18,19): error TS2304: Cannot find name 'Deno'.
modules/vite-plugin-resolve/deno.ts(18,32): error TS2304: Cannot find name 'Deno'.
modules/vite-plugin-resolve/deno.ts(60,15): error TS2304: Cannot find name 'Deno'.
modules/vite-plugin-resolve/deno.ts(61,13): error TS2304: Cannot find name 'Deno'.
modules/vite-plugin-resolve/mod.ts(9,25): error TS2304: Cannot find name 'Deno'.
modules/vite-plugin-resolve/url-resolve.ts(1,36): error TS2307: Cannot find module 'https://deno.land/std@0.170.0/path/mod.ts' or its corresponding type declarations.
modules/vite-plugin-resolve/url-resolve.ts(95,22): error TS2304: Cannot find name 'Deno'.
node_modules/@lukekaalim/act-reconciler/scheduler2.d.ts(9,19): error TS2304: Cannot find name 'mixed'.
node_modules/@lukekaalim/act-reconciler/scheduler2.d.ts(10,27): error TS2304: Cannot find name 'mixed'.
node_modules/@lukekaalim/act-reconciler/scheduler2.d.ts(14,36): error TS2304: Cannot find name 'mixed'.
node_modules/@lukekaalim/act-reconciler/scheduler2.d.ts(19,9): error TS1029: 'export' modifier must precede 'declare' modifier.
www/sesame/SesamePage.ts(47,18): error TS7031: Binding element 'floorMesh' implicitly has an 'any' type.
www/sesame/SesamePage.ts(81,26): error TS7031: Binding element 'geometry' implicitly has an 'any' type.
www/sesame/SesamePage.ts(81,36): error TS7031: Binding element 'material' implicitly has an 'any' type.
